Using pre-set license
Built from '2022.3/staging' branch; Version is '2022.3.43f1 (85497d293fa1) revision 8735101'; Using compiler version '192829333'; Build Type 'Release'
OS: 'Windows 10  (10.0.19045) 64bit Core' Language: 'en' Physical Memory: 16311 MB
BatchMode: 1, IsHumanControllingUs: 0, StartBugReporterOnCrash: 0, Is64bit: 1, IsPro: 1

COMMAND LINE ARGUMENTS:
D:\Unity\Editor\2022.3.43f1\Editor\Unity.exe
-adb2
-batchMode
-noUpm
-name
AssetImportWorker5
-projectPath
D:/Unity/Capstone
-logFile
Logs/AssetImportWorker5.log
-srvPort
62329
Successfully changed project path to: D:/Unity/Capstone
D:/Unity/Capstone
[UnityMemory] Configuration Parameters - Can be set up in boot.config
    "memorysetup-bucket-allocator-granularity=16"
    "memorysetup-bucket-allocator-bucket-count=8"
    "memorysetup-bucket-allocator-block-size=33554432"
    "memorysetup-bucket-allocator-block-count=8"
    "memorysetup-main-allocator-block-size=16777216"
    "memorysetup-thread-allocator-block-size=16777216"
    "memorysetup-gfx-main-allocator-block-size=16777216"
    "memorysetup-gfx-thread-allocator-block-size=16777216"
    "memorysetup-cache-allocator-block-size=4194304"
    "memorysetup-typetree-allocator-block-size=2097152"
    "memorysetup-profiler-bucket-allocator-granularity=16"
    "memorysetup-profiler-bucket-allocator-bucket-count=8"
    "memorysetup-profiler-bucket-allocator-block-size=33554432"
    "memorysetup-profiler-bucket-allocator-block-count=8"
    "memorysetup-profiler-allocator-block-size=16777216"
    "memorysetup-profiler-editor-allocator-block-size=1048576"
    "memorysetup-temp-allocator-size-main=16777216"
    "memorysetup-job-temp-allocator-block-size=2097152"
    "memorysetup-job-temp-allocator-block-size-background=1048576"
    "memorysetup-job-temp-allocator-reduction-small-platforms=262144"
    "memorysetup-allocator-temp-initial-block-size-main=262144"
    "memorysetup-allocator-temp-initial-block-size-worker=262144"
    "memorysetup-temp-allocator-size-background-worker=32768"
    "memorysetup-temp-allocator-size-job-worker=262144"
    "memorysetup-temp-allocator-size-preload-manager=33554432"
    "memorysetup-temp-allocator-size-nav-mesh-worker=65536"
    "memorysetup-temp-allocator-size-audio-worker=65536"
    "memorysetup-temp-allocator-size-cloud-worker=32768"
    "memorysetup-temp-allocator-size-gi-baking-worker=262144"
    "memorysetup-temp-allocator-size-gfx=262144"
Player connection [21372]  Target information:

Player connection [21372]  * "[IP] 192.168.1.245 [Port] 0 [Flags] 2 [Guid] 1273612239 [EditorId] 1273612239 [Version] 1048832 [Id] WindowsEditor(7,DESKTOP-7PC1I1E) [Debug] 1 [PackageName] WindowsEditor [ProjectName] Editor" 

Player connection [21372] Host joined multi-casting on [225.0.0.222:54997]...
Player connection [21372] Host joined alternative multi-casting on [225.0.0.222:34997]...
[PhysX] Initialized MultithreadedTaskDispatcher with 16 workers.
Refreshing native plugins compatible for Editor in 10.99 ms, found 3 plugins.
Preloading 0 native plugins for Editor in 0.00 ms.
Initialize engine version: 2022.3.43f1 (85497d293fa1)
[Subsystems] Discovering subsystems at path D:/Unity/Editor/2022.3.43f1/Editor/Data/Resources/UnitySubsystems
[Subsystems] Discovering subsystems at path D:/Unity/Capstone/Assets
GfxDevice: creating device client; threaded=0; jobified=0
Direct3D:
    Version:  Direct3D 11.0 [level 11.1]
    Renderer: NVIDIA GeForce RTX 3060 (ID=0x2544)
    Vendor:   NVIDIA
    VRAM:     8036 MB
    Driver:   32.0.15.6094
Initialize mono
Mono path[0] = 'D:/Unity/Editor/2022.3.43f1/Editor/Data/Managed'
Mono path[1] = 'D:/Unity/Editor/2022.3.43f1/Editor/Data/MonoBleedingEdge/lib/mono/unityjit-win32'
Mono config path = 'D:/Unity/Editor/2022.3.43f1/Editor/Data/MonoBleedingEdge/etc'
Using monoOptions --debugger-agent=transport=dt_socket,embedding=1,server=y,suspend=n,address=127.0.0.1:56120
Begin MonoManager ReloadAssembly
Registering precompiled unity dll's ...
Register platform support module: D:/Unity/Editor/2022.3.43f1/Editor/Data/PlaybackEngines/WindowsStandaloneSupport/UnityEditor.WindowsStandalone.Extensions.dll
Registered in 0.015870 seconds.
- Loaded All Assemblies, in  0.420 seconds
Native extension for WindowsStandalone target not found
Mono: successfully reloaded assembly
- Finished resetting the current domain, in  0.302 seconds
Domain Reload Profiling: 721ms
	BeginReloadAssembly (146ms)
		ExecutionOrderSort (0ms)
		DisableScriptedObjects (0ms)
		BackupInstance (0ms)
		ReleaseScriptingObjects (0ms)
		CreateAndSetChildDomain (1ms)
	RebuildCommonClasses (38ms)
	RebuildNativeTypeToScriptingClass (17ms)
	initialDomainReloadingComplete (63ms)
	LoadAllAssembliesAndSetupDomain (156ms)
		LoadAssemblies (145ms)
		RebuildTransferFunctionScriptingTraits (0ms)
		AnalyzeDomain (154ms)
			TypeCache.Refresh (152ms)
				TypeCache.ScanAssembly (136ms)
			ScanForSourceGeneratedMonoScriptInfo (0ms)
			ResolveRequiredComponents (1ms)
	FinalizeReload (302ms)
		ReleaseScriptCaches (0ms)
		RebuildScriptCaches (0ms)
		SetupLoadedEditorAssemblies (249ms)
			LogAssemblyErrors (0ms)
			InitializePlatformSupportModulesInManaged (9ms)
			SetLoadedEditorAssemblies (9ms)
			RefreshPlugins (0ms)
			BeforeProcessingInitializeOnLoad (3ms)
			ProcessInitializeOnLoadAttributes (171ms)
			ProcessInitializeOnLoadMethodAttributes (56ms)
			AfterProcessingInitializeOnLoad (0ms)
			EditorAssembliesLoaded (0ms)
		ExecutionOrderSort2 (0ms)
		AwakeInstancesAfterBackupRestoration (0ms)
========================================================================
Worker process is ready to serve import requests
Caller must complete domain reload
Begin MonoManager ReloadAssembly
- Loaded All Assemblies, in  0.673 seconds
Native extension for WindowsStandalone target not found
Package Manager log level set to [2]
[Package Manager] Server::EnsureServerProcessIsRunning -- launch failed, reason: Unity was launched with the -noUpm command-line argument
[Package Manager] UpmClient::Send -- Unable to send message (not connected to UPM process).
[Package Manager] Cannot connect to Unity Package Manager local server
Mono: successfully reloaded assembly
- Finished resetting the current domain, in  0.813 seconds
Domain Reload Profiling: 1486ms
	BeginReloadAssembly (174ms)
		ExecutionOrderSort (0ms)
		DisableScriptedObjects (6ms)
		BackupInstance (0ms)
		ReleaseScriptingObjects (0ms)
		CreateAndSetChildDomain (24ms)
	RebuildCommonClasses (40ms)
	RebuildNativeTypeToScriptingClass (14ms)
	initialDomainReloadingComplete (41ms)
	LoadAllAssembliesAndSetupDomain (403ms)
		LoadAssemblies (322ms)
		RebuildTransferFunctionScriptingTraits (0ms)
		AnalyzeDomain (190ms)
			TypeCache.Refresh (168ms)
				TypeCache.ScanAssembly (153ms)
			ScanForSourceGeneratedMonoScriptInfo (15ms)
			ResolveRequiredComponents (6ms)
	FinalizeReload (813ms)
		ReleaseScriptCaches (0ms)
		RebuildScriptCaches (0ms)
		SetupLoadedEditorAssemblies (656ms)
			LogAssemblyErrors (0ms)
			InitializePlatformSupportModulesInManaged (5ms)
			SetLoadedEditorAssemblies (4ms)
			RefreshPlugins (0ms)
			BeforeProcessingInitializeOnLoad (58ms)
			ProcessInitializeOnLoadAttributes (562ms)
			ProcessInitializeOnLoadMethodAttributes (23ms)
			AfterProcessingInitializeOnLoad (3ms)
			EditorAssembliesLoaded (0ms)
		ExecutionOrderSort2 (0ms)
		AwakeInstancesAfterBackupRestoration (9ms)
Launched and connected shader compiler UnityShaderCompiler.exe after 0.06 seconds
Refreshing native plugins compatible for Editor in 3.38 ms, found 3 plugins.
Preloading 0 native plugins for Editor in 0.00 ms.
Unloading 3089 Unused Serialized files (Serialized files now loaded: 0)
Unloading 19 unused Assets / (54.5 KB). Loaded Objects now: 3555.
Memory consumption went from 118.3 MB to 118.2 MB.
Total: 3.790300 ms (FindLiveObjects: 0.357700 ms CreateObjectMapping: 0.088400 ms MarkObjects: 3.235500 ms  DeleteObjects: 0.107500 ms)

AssetImportParameters requested are different than current active one (requested -> active):
  custom:container-demuxer-ogg: 62fdf1f143b41e24485cea50d1cbac27 -> 
  custom:video-decoder-ogg-theora: a1e56fd34408186e4bbccfd4996cb3dc -> 
  custom:framework-win-MediaFoundation: 216162199b28c13a410421893ffa2e32 -> 
  custom:CustomObjectIndexerAttribute: 9a22284fe3817be447336de3de66b15e -> 
  custom:container-demuxer-webm: 4f35f7cbe854078d1ac9338744f61a02 -> 
  custom:container-muxer-webm: aa71ff27fc2769a1b78a27578f13a17b -> 
  custom:video-decoder-webm-vp8: 9c59270c3fd7afecdb556c50c9e8de78 -> 
  custom:SearchIndexIgnoredProperties: e643bd26f0fe6173181afceb89e7c659 -> 
  custom:AudioImporter_EditorPlatform: d09bf68614088b80899f8185d706f6e7 -> 
  custom:video-encoder-webm-vp8: eb34c28f22e8b96e1ab97ce403110664 -> 
  custom:audio-decoder-ogg-vorbis: bf7c407c2cedff20999df2af8eb42d56 -> 
  custom:audio-encoder-webm-vorbis: bf7c407c2cedff20999df2af8eb42d56 -> 
========================================================================
Received Import Request.
  Time since last request: 34299.628702 seconds.
  path: Assets/Sprites/kenney_pixel-platformer/Tiles/Characters/tile_0000.png
  artifactKey: Guid(a996018b43c35a842b79073b73a5e004) Importer(2089858483,0ecaa5967403d082aa24f35e1b516d23)
Start importing Assets/Sprites/kenney_pixel-platformer/Tiles/Characters/tile_0000.png using Guid(a996018b43c35a842b79073b73a5e004) Importer(2089858483,0ecaa5967403d082aa24f35e1b516d23) [PhysX] Initialized MultithreadedTaskDispatcher with 16 workers.
 -> (artifact id: '31d5ddc5a4c04c5a42d6b3f7873e8442') in 0.128472 seconds
Number of updated asset objects reloaded before import = 0
Number of asset objects unloaded after import = 1
========================================================================
Received Import Request.
  Time since last request: 0.000024 seconds.
  path: Assets/Sprites/kenney_pixel-platformer/Tiles/Characters/tile_0011.png
  artifactKey: Guid(fda1f801be6c3d94c8e6053b20b53c7b) Importer(2089858483,0ecaa5967403d082aa24f35e1b516d23)
Start importing Assets/Sprites/kenney_pixel-platformer/Tiles/Characters/tile_0011.png using Guid(fda1f801be6c3d94c8e6053b20b53c7b) Importer(2089858483,0ecaa5967403d082aa24f35e1b516d23) [PhysX] Initialized MultithreadedTaskDispatcher with 16 workers.
 -> (artifact id: 'eebdabbd5415906479d6472b5199e376') in 0.018504 seconds
Number of updated asset objects reloaded before import = 0
Number of asset objects unloaded after import = 1
========================================================================
Received Import Request.
  Time since last request: 0.000023 seconds.
  path: Assets/Sprites/kenney_pixel-platformer/Tiles/tile_0138.png
  artifactKey: Guid(73c2942b24c16d44993b3dc5b7f03710) Importer(2089858483,0ecaa5967403d082aa24f35e1b516d23)
Start importing Assets/Sprites/kenney_pixel-platformer/Tiles/tile_0138.png using Guid(73c2942b24c16d44993b3dc5b7f03710) Importer(2089858483,0ecaa5967403d082aa24f35e1b516d23) [PhysX] Initialized MultithreadedTaskDispatcher with 16 workers.
 -> (artifact id: '150bdf7d099c9fffd9ae1c5f372211e3') in 0.019628 seconds
Number of updated asset objects reloaded before import = 0
Number of asset objects unloaded after import = 1
========================================================================
Received Import Request.
  Time since last request: 0.000025 seconds.
  path: Assets/Sprites/kenney_pixel-platformer/Tiles/Characters/tile_0005.png
  artifactKey: Guid(e2c34e3e66d45ae4d9aab581de5b4dcb) Importer(2089858483,0ecaa5967403d082aa24f35e1b516d23)
Start importing Assets/Sprites/kenney_pixel-platformer/Tiles/Characters/tile_0005.png using Guid(e2c34e3e66d45ae4d9aab581de5b4dcb) Importer(2089858483,0ecaa5967403d082aa24f35e1b516d23) [PhysX] Initialized MultithreadedTaskDispatcher with 16 workers.
 -> (artifact id: 'e26347cf5bfebfad1485e78566f9dbab') in 0.019169 seconds
Number of updated asset objects reloaded before import = 0
Number of asset objects unloaded after import = 1
========================================================================
Received Import Request.
  Time since last request: 0.000017 seconds.
  path: Assets/Sprites/kenney_pixel-platformer/Tiles/Characters/tile_0016.png
  artifactKey: Guid(97a4e0e1922dd434a83f239ea02793c1) Importer(2089858483,0ecaa5967403d082aa24f35e1b516d23)
Start importing Assets/Sprites/kenney_pixel-platformer/Tiles/Characters/tile_0016.png using Guid(97a4e0e1922dd434a83f239ea02793c1) Importer(2089858483,0ecaa5967403d082aa24f35e1b516d23) [PhysX] Initialized MultithreadedTaskDispatcher with 16 workers.
 -> (artifact id: '36c37f1aefd7548123eee5dd4bb78ab1') in 0.019043 seconds
Number of updated asset objects reloaded before import = 0
Number of asset objects unloaded after import = 1
========================================================================
Received Import Request.
  Time since last request: 0.000018 seconds.
  path: Assets/Sprites/Pixel Adventure 1/Main Characters/Mask Dude/Fall (32x32).png
  artifactKey: Guid(fd9d2d47011f33747a67a551f2ae0bd2) Importer(2089858483,0ecaa5967403d082aa24f35e1b516d23)
Start importing Assets/Sprites/Pixel Adventure 1/Main Characters/Mask Dude/Fall (32x32).png using Guid(fd9d2d47011f33747a67a551f2ae0bd2) Importer(2089858483,0ecaa5967403d082aa24f35e1b516d23) [PhysX] Initialized MultithreadedTaskDispatcher with 16 workers.
 -> (artifact id: '59982b2ec03d5668629688316e8f2b7b') in 0.017428 seconds
Number of updated asset objects reloaded before import = 0
Number of asset objects unloaded after import = 1
========================================================================
Received Import Request.
  Time since last request: 0.000016 seconds.
  path: Assets/Sprites/kenney_pixel-platformer/Tiles/Characters/tile_0024.png
  artifactKey: Guid(6a86d122757c0f94cad734b9041f52c6) Importer(2089858483,0ecaa5967403d082aa24f35e1b516d23)
Start importing Assets/Sprites/kenney_pixel-platformer/Tiles/Characters/tile_0024.png using Guid(6a86d122757c0f94cad734b9041f52c6) Importer(2089858483,0ecaa5967403d082aa24f35e1b516d23) [PhysX] Initialized MultithreadedTaskDispatcher with 16 workers.
 -> (artifact id: 'fe8550610e9a9277574a75ab810e21e9') in 0.019817 seconds
Number of updated asset objects reloaded before import = 0
Number of asset objects unloaded after import = 1
========================================================================
Received Import Request.
  Time since last request: 0.000019 seconds.
  path: Assets/Sprites/Pixel Adventure 1/Menu/Levels/03.png
  artifactKey: Guid(407341b55b1e19d44aa68c362d001de6) Importer(2089858483,0ecaa5967403d082aa24f35e1b516d23)
Start importing Assets/Sprites/Pixel Adventure 1/Menu/Levels/03.png using Guid(407341b55b1e19d44aa68c362d001de6) Importer(2089858483,0ecaa5967403d082aa24f35e1b516d23) [PhysX] Initialized MultithreadedTaskDispatcher with 16 workers.
 -> (artifact id: '56ad36d359926ae25b035c72a0804c20') in 0.016672 seconds
Number of updated asset objects reloaded before import = 0
Number of asset objects unloaded after import = 1
========================================================================
Received Import Request.
  Time since last request: 0.000017 seconds.
  path: Assets/Sprites/Pixel Adventure 1/Items/Fruits/Melon.png
  artifactKey: Guid(efd10de2a454c5c4fa9d8d2960b8a039) Importer(2089858483,0ecaa5967403d082aa24f35e1b516d23)
Start importing Assets/Sprites/Pixel Adventure 1/Items/Fruits/Melon.png using Guid(efd10de2a454c5c4fa9d8d2960b8a039) Importer(2089858483,0ecaa5967403d082aa24f35e1b516d23) [PhysX] Initialized MultithreadedTaskDispatcher with 16 workers.
 -> (artifact id: 'b0d0b95c07322126aee230683020df3f') in 0.018949 seconds
Number of updated asset objects reloaded before import = 0
Number of asset objects unloaded after import = 1
========================================================================
Received Import Request.
  Time since last request: 0.000024 seconds.
  path: Assets/Sprites/Pixel Adventure 1/Menu/Buttons/Next.png
  artifactKey: Guid(730fa344d9bf19745bf641d774a3e397) Importer(2089858483,0ecaa5967403d082aa24f35e1b516d23)
Start importing Assets/Sprites/Pixel Adventure 1/Menu/Buttons/Next.png using Guid(730fa344d9bf19745bf641d774a3e397) Importer(2089858483,0ecaa5967403d082aa24f35e1b516d23) [PhysX] Initialized MultithreadedTaskDispatcher with 16 workers.
 -> (artifact id: '39d90d32b9ea259cdf739918f19f691a') in 0.018209 seconds
Number of updated asset objects reloaded before import = 0
Number of asset objects unloaded after import = 1
========================================================================
Received Import Request.
  Time since last request: 0.000016 seconds.
  path: Assets/Sprites/Pixel Adventure 1/Menu/Levels/04.png
  artifactKey: Guid(2d4a029c29057494ca47e826b714cf4c) Importer(2089858483,0ecaa5967403d082aa24f35e1b516d23)
Start importing Assets/Sprites/Pixel Adventure 1/Menu/Levels/04.png using Guid(2d4a029c29057494ca47e826b714cf4c) Importer(2089858483,0ecaa5967403d082aa24f35e1b516d23) [PhysX] Initialized MultithreadedTaskDispatcher with 16 workers.
 -> (artifact id: '01c7a5add9c7da161476f8d5cd8968e9') in 0.016904 seconds
Number of updated asset objects reloaded before import = 0
Number of asset objects unloaded after import = 1
========================================================================
Received Import Request.
  Time since last request: 0.000021 seconds.
  path: Assets/Sprites/Pixel Adventure 1/Main Characters/Ninja Frog/Wall Jump (32x32).png
  artifactKey: Guid(1a30880f44abd8e498095dc210704303) Importer(2089858483,0ecaa5967403d082aa24f35e1b516d23)
Start importing Assets/Sprites/Pixel Adventure 1/Main Characters/Ninja Frog/Wall Jump (32x32).png using Guid(1a30880f44abd8e498095dc210704303) Importer(2089858483,0ecaa5967403d082aa24f35e1b516d23) [PhysX] Initialized MultithreadedTaskDispatcher with 16 workers.
 -> (artifact id: '920daedffae6cefe8bf40438b55ee066') in 0.018173 seconds
Number of updated asset objects reloaded before import = 0
Number of asset objects unloaded after import = 1
========================================================================
Received Import Request.
  Time since last request: 0.000022 seconds.
  path: Assets/Sprites/Pixel Adventure 1/Main Characters/Ninja Frog/Jump (32x32).png
  artifactKey: Guid(3c7d7001bcaee384bb27f203e4a39e07) Importer(2089858483,0ecaa5967403d082aa24f35e1b516d23)
Start importing Assets/Sprites/Pixel Adventure 1/Main Characters/Ninja Frog/Jump (32x32).png using Guid(3c7d7001bcaee384bb27f203e4a39e07) Importer(2089858483,0ecaa5967403d082aa24f35e1b516d23) [PhysX] Initialized MultithreadedTaskDispatcher with 16 workers.
 -> (artifact id: '92bcb90d2bd3cd7077ba62a5b17e017e') in 0.016798 seconds
Number of updated asset objects reloaded before import = 0
Number of asset objects unloaded after import = 1
========================================================================
Received Import Request.
  Time since last request: 0.000030 seconds.
  path: Assets/Sprites/Pixel Adventure 1/Items/Fruits/Strawberry.png
  artifactKey: Guid(e2a38622c5802d449974ed4dd078f8a1) Importer(2089858483,0ecaa5967403d082aa24f35e1b516d23)
Start importing Assets/Sprites/Pixel Adventure 1/Items/Fruits/Strawberry.png using Guid(e2a38622c5802d449974ed4dd078f8a1) Importer(2089858483,0ecaa5967403d082aa24f35e1b516d23) [PhysX] Initialized MultithreadedTaskDispatcher with 16 workers.
 -> (artifact id: 'f138649e541ae9ea8ad022fb91b6675b') in 0.016830 seconds
Number of updated asset objects reloaded before import = 0
Number of asset objects unloaded after import = 1
========================================================================
Received Import Request.
  Time since last request: 0.000019 seconds.
  path: Assets/Sprites/Pixel Adventure 1/Main Characters/Ninja Frog/Double Jump (32x32).png
  artifactKey: Guid(7c58fbd7013777a458e030cf3d8d37c1) Importer(2089858483,0ecaa5967403d082aa24f35e1b516d23)
Start importing Assets/Sprites/Pixel Adventure 1/Main Characters/Ninja Frog/Double Jump (32x32).png using Guid(7c58fbd7013777a458e030cf3d8d37c1) Importer(2089858483,0ecaa5967403d082aa24f35e1b516d23) [PhysX] Initialized MultithreadedTaskDispatcher with 16 workers.
 -> (artifact id: '3c224573b8d1ab65cad41a23c946729b') in 0.019693 seconds
Number of updated asset objects reloaded before import = 0
Number of asset objects unloaded after import = 1
========================================================================
Received Import Request.
  Time since last request: 0.000020 seconds.
  path: Assets/Sprites/Pixel Adventure 1/Main Characters/Pink Man/Idle (32x32).png
  artifactKey: Guid(861c9e5396f01254e9eea203842f9321) Importer(2089858483,0ecaa5967403d082aa24f35e1b516d23)
Start importing Assets/Sprites/Pixel Adventure 1/Main Characters/Pink Man/Idle (32x32).png using Guid(861c9e5396f01254e9eea203842f9321) Importer(2089858483,0ecaa5967403d082aa24f35e1b516d23) [PhysX] Initialized MultithreadedTaskDispatcher with 16 workers.
 -> (artifact id: '4286ac0caba71734556879f34df01a2d') in 0.016672 seconds
Number of updated asset objects reloaded before import = 0
Number of asset objects unloaded after import = 1
========================================================================
Received Import Request.
  Time since last request: 0.000018 seconds.
  path: Assets/Sprites/Pixel Adventure 1/Main Characters/Pink Man/Hit (32x32).png
  artifactKey: Guid(357c063ec3136d740ab6bb8bebc1ebc3) Importer(2089858483,0ecaa5967403d082aa24f35e1b516d23)
Start importing Assets/Sprites/Pixel Adventure 1/Main Characters/Pink Man/Hit (32x32).png using Guid(357c063ec3136d740ab6bb8bebc1ebc3) Importer(2089858483,0ecaa5967403d082aa24f35e1b516d23) [PhysX] Initialized MultithreadedTaskDispatcher with 16 workers.
 -> (artifact id: '0a4c7c6498eabc79979a7d5f9ca7737f') in 0.017667 seconds
Number of updated asset objects reloaded before import = 0
Number of asset objects unloaded after import = 1
========================================================================
Received Import Request.
  Time since last request: 0.000016 seconds.
  path: Assets/Sprites/Pixel Adventure 1/Menu/Buttons/Previous.png
  artifactKey: Guid(50c67c5954eda784298bc73ad1f6db00) Importer(2089858483,0ecaa5967403d082aa24f35e1b516d23)
Start importing Assets/Sprites/Pixel Adventure 1/Menu/Buttons/Previous.png using Guid(50c67c5954eda784298bc73ad1f6db00) Importer(2089858483,0ecaa5967403d082aa24f35e1b516d23) [PhysX] Initialized MultithreadedTaskDispatcher with 16 workers.
 -> (artifact id: 'b2d05fb417d832305e2dbcb3927ead7b') in 0.017561 seconds
Number of updated asset objects reloaded before import = 0
Number of asset objects unloaded after import = 1
========================================================================
Received Import Request.
  Time since last request: 0.000017 seconds.
  path: Assets/Sprites/Pixel Adventure 1/Main Characters/Virtual Guy/Idle (32x32).png
  artifactKey: Guid(16beabed7f96db5499e646221d3d5070) Importer(2089858483,0ecaa5967403d082aa24f35e1b516d23)
Start importing Assets/Sprites/Pixel Adventure 1/Main Characters/Virtual Guy/Idle (32x32).png using Guid(16beabed7f96db5499e646221d3d5070) Importer(2089858483,0ecaa5967403d082aa24f35e1b516d23) [PhysX] Initialized MultithreadedTaskDispatcher with 16 workers.
 -> (artifact id: '9c38e7a6d58e7e760d98c75a9a46cf46') in 0.017303 seconds
Number of updated asset objects reloaded before import = 0
Number of asset objects unloaded after import = 1
========================================================================
Received Import Request.
  Time since last request: 0.000023 seconds.
  path: Assets/Sprites/kenney_pixel-platformer/Tiles/tile_0001.png
  artifactKey: Guid(957dd9a04009a784bba0b97481bdb68f) Importer(2089858483,0ecaa5967403d082aa24f35e1b516d23)
Start importing Assets/Sprites/kenney_pixel-platformer/Tiles/tile_0001.png using Guid(957dd9a04009a784bba0b97481bdb68f) Importer(2089858483,0ecaa5967403d082aa24f35e1b516d23) [PhysX] Initialized MultithreadedTaskDispatcher with 16 workers.
 -> (artifact id: 'f33ae674a99644475d0a07ff8d13ee07') in 0.018100 seconds
Number of updated asset objects reloaded before import = 0
Number of asset objects unloaded after import = 1
========================================================================
Received Import Request.
  Time since last request: 0.000020 seconds.
  path: Assets/Sprites/kenney_pixel-platformer/Tiles/tile_0017.png
  artifactKey: Guid(dc56e8c4f2810dd4a8df9ab6c6ef7f62) Importer(2089858483,0ecaa5967403d082aa24f35e1b516d23)
Start importing Assets/Sprites/kenney_pixel-platformer/Tiles/tile_0017.png using Guid(dc56e8c4f2810dd4a8df9ab6c6ef7f62) Importer(2089858483,0ecaa5967403d082aa24f35e1b516d23) [PhysX] Initialized MultithreadedTaskDispatcher with 16 workers.
 -> (artifact id: '438e27c3a2a1faacd4d72205f4aa3c11') in 0.016816 seconds
Number of updated asset objects reloaded before import = 0
Number of asset objects unloaded after import = 1
========================================================================
Received Import Request.
  Time since last request: 0.000016 seconds.
  path: Assets/Sprites/kenney_pixel-platformer/Tilemap/tilemap-characters.png
  artifactKey: Guid(cf734050fc3a53a428e3b7ba16ab5aca) Importer(2089858483,0ecaa5967403d082aa24f35e1b516d23)
Start importing Assets/Sprites/kenney_pixel-platformer/Tilemap/tilemap-characters.png using Guid(cf734050fc3a53a428e3b7ba16ab5aca) Importer(2089858483,0ecaa5967403d082aa24f35e1b516d23) [PhysX] Initialized MultithreadedTaskDispatcher with 16 workers.
 -> (artifact id: '6b520ff5fcdf25a69614e9bed8805e60') in 0.018001 seconds
Number of updated asset objects reloaded before import = 0
Number of asset objects unloaded after import = 1
========================================================================
Received Import Request.
  Time since last request: 0.000022 seconds.
  path: Assets/Sprites/kenney_pixel-platformer/Tiles/Backgrounds/tile_0016.png
  artifactKey: Guid(e52c2cbff4683c74da75fda3d535f966) Importer(2089858483,0ecaa5967403d082aa24f35e1b516d23)
Start importing Assets/Sprites/kenney_pixel-platformer/Tiles/Backgrounds/tile_0016.png using Guid(e52c2cbff4683c74da75fda3d535f966) Importer(2089858483,0ecaa5967403d082aa24f35e1b516d23) [PhysX] Initialized MultithreadedTaskDispatcher with 16 workers.
 -> (artifact id: 'd2278ee1aca4d40f3a202384b16a566b') in 0.031064 seconds
Number of updated asset objects reloaded before import = 0
Number of asset objects unloaded after import = 1
========================================================================
Received Import Request.
  Time since last request: 0.000017 seconds.
  path: Assets/Sprites/kenney_pixel-platformer/Tiles/tile_0044.png
  artifactKey: Guid(e205b6435cc95754f9cefe23ddf066e0) Importer(2089858483,0ecaa5967403d082aa24f35e1b516d23)
Start importing Assets/Sprites/kenney_pixel-platformer/Tiles/tile_0044.png using Guid(e205b6435cc95754f9cefe23ddf066e0) Importer(2089858483,0ecaa5967403d082aa24f35e1b516d23) [PhysX] Initialized MultithreadedTaskDispatcher with 16 workers.
 -> (artifact id: '8271d62d5ca093c33309590d1b8eb37d') in 0.017520 seconds
Number of updated asset objects reloaded before import = 0
Number of asset objects unloaded after import = 1
========================================================================
Received Import Request.
  Time since last request: 0.000016 seconds.
  path: Assets/Sprites/kenney_pixel-platformer/Tiles/Characters/tile_0017.png
  artifactKey: Guid(eb6be5578a4e1b344897b9938f7ecb6b) Importer(2089858483,0ecaa5967403d082aa24f35e1b516d23)
Start importing Assets/Sprites/kenney_pixel-platformer/Tiles/Characters/tile_0017.png using Guid(eb6be5578a4e1b344897b9938f7ecb6b) Importer(2089858483,0ecaa5967403d082aa24f35e1b516d23) [PhysX] Initialized MultithreadedTaskDispatcher with 16 workers.
 -> (artifact id: '08bf814ac99f276a4cec763b1db9d017') in 0.016999 seconds
Number of updated asset objects reloaded before import = 0
Number of asset objects unloaded after import = 1
========================================================================
Received Import Request.
  Time since last request: 0.000034 seconds.
  path: Assets/Sprites/Pixel Adventure 1/Main Characters/Virtual Guy/Fall (32x32).png
  artifactKey: Guid(8733e0756d79d2c4d9d2606dcddec222) Importer(2089858483,0ecaa5967403d082aa24f35e1b516d23)
Start importing Assets/Sprites/Pixel Adventure 1/Main Characters/Virtual Guy/Fall (32x32).png using Guid(8733e0756d79d2c4d9d2606dcddec222) Importer(2089858483,0ecaa5967403d082aa24f35e1b516d23) [PhysX] Initialized MultithreadedTaskDispatcher with 16 workers.
 -> (artifact id: 'a652a0a191eeeb12f1d5cd8646d5ca7e') in 0.016862 seconds
Number of updated asset objects reloaded before import = 0
Number of asset objects unloaded after import = 1
========================================================================
Received Import Request.
  Time since last request: 0.000017 seconds.
  path: Assets/Sprites/kenney_pixel-platformer/Tiles/tile_0012.png
  artifactKey: Guid(af7b271f8cf3a1f4a9610a18d12ecdbc) Importer(2089858483,0ecaa5967403d082aa24f35e1b516d23)
Start importing Assets/Sprites/kenney_pixel-platformer/Tiles/tile_0012.png using Guid(af7b271f8cf3a1f4a9610a18d12ecdbc) Importer(2089858483,0ecaa5967403d082aa24f35e1b516d23) [PhysX] Initialized MultithreadedTaskDispatcher with 16 workers.
 -> (artifact id: '41c70df4a8c4e4e56784490a68f74ef7') in 0.016732 seconds
Number of updated asset objects reloaded before import = 0
Number of asset objects unloaded after import = 1
========================================================================
Received Import Request.
  Time since last request: 0.000018 seconds.
  path: Assets/Sprites/kenney_pixel-platformer/Tiles/tile_0030.png
  artifactKey: Guid(dadb7fc281698ff44bb2c074f7dffe7c) Importer(2089858483,0ecaa5967403d082aa24f35e1b516d23)
Start importing Assets/Sprites/kenney_pixel-platformer/Tiles/tile_0030.png using Guid(dadb7fc281698ff44bb2c074f7dffe7c) Importer(2089858483,0ecaa5967403d082aa24f35e1b516d23) [PhysX] Initialized MultithreadedTaskDispatcher with 16 workers.
 -> (artifact id: '2889eaa6a00dcbe36780ca198aa88963') in 0.016129 seconds
Number of updated asset objects reloaded before import = 0
Number of asset objects unloaded after import = 1
========================================================================
Received Import Request.
  Time since last request: 0.043356 seconds.
  path: Assets/Sprites/Pixel Adventure 1/Menu/Levels/08.png
  artifactKey: Guid(ac318f6447e110946b4a55e9b11f485b) Importer(2089858483,0ecaa5967403d082aa24f35e1b516d23)
Start importing Assets/Sprites/Pixel Adventure 1/Menu/Levels/08.png using Guid(ac318f6447e110946b4a55e9b11f485b) Importer(2089858483,0ecaa5967403d082aa24f35e1b516d23) [PhysX] Initialized MultithreadedTaskDispatcher with 16 workers.
 -> (artifact id: '0826fc55aae5ee525b164d89547a5fd9') in 0.015827 seconds
Number of updated asset objects reloaded before import = 0
Number of asset objects unloaded after import = 1
========================================================================
Received Import Request.
  Time since last request: 0.000026 seconds.
  path: Assets/Sprites/Pixel Adventure 1/Traps/Blocks/Part 2 (22x22).png
  artifactKey: Guid(d2212e3e271d7f74498f119a45fb0e65) Importer(2089858483,0ecaa5967403d082aa24f35e1b516d23)
Start importing Assets/Sprites/Pixel Adventure 1/Traps/Blocks/Part 2 (22x22).png using Guid(d2212e3e271d7f74498f119a45fb0e65) Importer(2089858483,0ecaa5967403d082aa24f35e1b516d23) [PhysX] Initialized MultithreadedTaskDispatcher with 16 workers.
 -> (artifact id: 'e939a2caac553c71ffa5134e48367eb0') in 0.016824 seconds
Number of updated asset objects reloaded before import = 0
Number of asset objects unloaded after import = 1
========================================================================
Received Import Request.
  Time since last request: 0.000018 seconds.
  path: Assets/Sprites/Pixel Adventure 1/Traps/Rock Head/Top Hit (42x42).png
  artifactKey: Guid(3a820a94fa5f6144d92d72f9cf950734) Importer(2089858483,0ecaa5967403d082aa24f35e1b516d23)
Start importing Assets/Sprites/Pixel Adventure 1/Traps/Rock Head/Top Hit (42x42).png using Guid(3a820a94fa5f6144d92d72f9cf950734) Importer(2089858483,0ecaa5967403d082aa24f35e1b516d23) [PhysX] Initialized MultithreadedTaskDispatcher with 16 workers.
 -> (artifact id: '4a5dd04a827f5d39f97acfacbb99ca57') in 0.016529 seconds
Number of updated asset objects reloaded before import = 0
Number of asset objects unloaded after import = 1
========================================================================
Received Import Request.
  Time since last request: 0.000015 seconds.
  path: Assets/Sprites/Pixel Adventure 1/Menu/Levels/21.png
  artifactKey: Guid(be4547c30eaeeff4e8ea00366812a2fe) Importer(2089858483,0ecaa5967403d082aa24f35e1b516d23)
Start importing Assets/Sprites/Pixel Adventure 1/Menu/Levels/21.png using Guid(be4547c30eaeeff4e8ea00366812a2fe) Importer(2089858483,0ecaa5967403d082aa24f35e1b516d23) [PhysX] Initialized MultithreadedTaskDispatcher with 16 workers.
 -> (artifact id: 'd21bd37bc6d44b259d9223aed9ade399') in 0.016474 seconds
Number of updated asset objects reloaded before import = 0
Number of asset objects unloaded after import = 1
========================================================================
Received Import Request.
  Time since last request: 0.000016 seconds.
  path: Assets/Sprites/Pixel Adventure 1/Traps/Rock Head/Left Hit (42x42).png
  artifactKey: Guid(9b4fd1a9b2033554e9039c056331aea8) Importer(2089858483,0ecaa5967403d082aa24f35e1b516d23)
Start importing Assets/Sprites/Pixel Adventure 1/Traps/Rock Head/Left Hit (42x42).png using Guid(9b4fd1a9b2033554e9039c056331aea8) Importer(2089858483,0ecaa5967403d082aa24f35e1b516d23) [PhysX] Initialized MultithreadedTaskDispatcher with 16 workers.
 -> (artifact id: '51d1393cfcf8ea2e9a352fdd81118ad8') in 0.017056 seconds
Number of updated asset objects reloaded before import = 0
Number of asset objects unloaded after import = 1
========================================================================
Received Import Request.
  Time since last request: 0.000018 seconds.
  path: Assets/Sprites/Pixel Adventure 1/Menu/Levels/36.png
  artifactKey: Guid(8a16203cb8a715345a3f9f33e8a585f4) Importer(2089858483,0ecaa5967403d082aa24f35e1b516d23)
Start importing Assets/Sprites/Pixel Adventure 1/Menu/Levels/36.png using Guid(8a16203cb8a715345a3f9f33e8a585f4) Importer(2089858483,0ecaa5967403d082aa24f35e1b516d23) [PhysX] Initialized MultithreadedTaskDispatcher with 16 workers.
 -> (artifact id: 'cb8e788a962765bed2f209ddd0ded42a') in 0.016526 seconds
Number of updated asset objects reloaded before import = 0
Number of asset objects unloaded after import = 1
========================================================================
Received Import Request.
  Time since last request: 0.000021 seconds.
  path: Assets/Sprites/Pixel Adventure 1/Menu/Levels/49.png
  artifactKey: Guid(0b886e146eed4f646bf7d99705fe5026) Importer(2089858483,0ecaa5967403d082aa24f35e1b516d23)
Start importing Assets/Sprites/Pixel Adventure 1/Menu/Levels/49.png using Guid(0b886e146eed4f646bf7d99705fe5026) Importer(2089858483,0ecaa5967403d082aa24f35e1b516d23) [PhysX] Initialized MultithreadedTaskDispatcher with 16 workers.
 -> (artifact id: '9dcd14f7837fb9a7af17f7d3295b7ee0') in 0.016610 seconds
Number of updated asset objects reloaded before import = 0
Number of asset objects unloaded after import = 1
========================================================================
Received Import Request.
  Time since last request: 0.000020 seconds.
  path: Assets/Sprites/Pixel Adventure 1/Traps/Spike Head/Idle.png
  artifactKey: Guid(2d606047e86c89643b06d4df35adb464) Importer(2089858483,0ecaa5967403d082aa24f35e1b516d23)
Start importing Assets/Sprites/Pixel Adventure 1/Traps/Spike Head/Idle.png using Guid(2d606047e86c89643b06d4df35adb464) Importer(2089858483,0ecaa5967403d082aa24f35e1b516d23) [PhysX] Initialized MultithreadedTaskDispatcher with 16 workers.
 -> (artifact id: '924795990e5490eb6d6f71959c1aa748') in 0.016924 seconds
Number of updated asset objects reloaded before import = 0
Number of asset objects unloaded after import = 1
========================================================================
Received Import Request.
  Time since last request: 0.000027 seconds.
  path: Assets/Sprites/Pixel Adventure 1/Menu/Levels/18.png
  artifactKey: Guid(b208999bcc95d0840896a16d4f845a54) Importer(2089858483,0ecaa5967403d082aa24f35e1b516d23)
Start importing Assets/Sprites/Pixel Adventure 1/Menu/Levels/18.png using Guid(b208999bcc95d0840896a16d4f845a54) Importer(2089858483,0ecaa5967403d082aa24f35e1b516d23) [PhysX] Initialized MultithreadedTaskDispatcher with 16 workers.
 -> (artifact id: 'e7de513b1763a2f13ae0c4a8eb0503ec') in 0.017574 seconds
Number of updated asset objects reloaded before import = 0
Number of asset objects unloaded after import = 1
========================================================================
Received Import Request.
  Time since last request: 0.000016 seconds.
  path: Assets/Sprites/Pixel Adventure 1/Traps/Trampoline/Idle.png
  artifactKey: Guid(3d84576b25de7a043ade36e8fc28c5f2) Importer(2089858483,0ecaa5967403d082aa24f35e1b516d23)
Start importing Assets/Sprites/Pixel Adventure 1/Traps/Trampoline/Idle.png using Guid(3d84576b25de7a043ade36e8fc28c5f2) Importer(2089858483,0ecaa5967403d082aa24f35e1b516d23) [PhysX] Initialized MultithreadedTaskDispatcher with 16 workers.
 -> (artifact id: 'bd2275e5abdff7cc9956b1e12b12dbde') in 0.018200 seconds
Number of updated asset objects reloaded before import = 0
Number of asset objects unloaded after import = 1
========================================================================
Received Import Request.
  Time since last request: 0.000018 seconds.
  path: Assets/Sprites/Pixel Adventure 1/Traps/Spike Head/Right Hit (54x52).png
  artifactKey: Guid(bad8590469ae57341a839f44b59af75a) Importer(2089858483,0ecaa5967403d082aa24f35e1b516d23)
Start importing Assets/Sprites/Pixel Adventure 1/Traps/Spike Head/Right Hit (54x52).png using Guid(bad8590469ae57341a839f44b59af75a) Importer(2089858483,0ecaa5967403d082aa24f35e1b516d23) [PhysX] Initialized MultithreadedTaskDispatcher with 16 workers.
 -> (artifact id: '4bddf87d93b06c5d5def23d566314138') in 0.016983 seconds
Number of updated asset objects reloaded before import = 0
Number of asset objects unloaded after import = 1
========================================================================
Received Import Request.
  Time since last request: 0.000018 seconds.
  path: Assets/Sprites/Pixel Adventure 1/Menu/Levels/30.png
  artifactKey: Guid(e705d1f5b5a27ba44900c0a1b6011ef6) Importer(2089858483,0ecaa5967403d082aa24f35e1b516d23)
Start importing Assets/Sprites/Pixel Adventure 1/Menu/Levels/30.png using Guid(e705d1f5b5a27ba44900c0a1b6011ef6) Importer(2089858483,0ecaa5967403d082aa24f35e1b516d23) [PhysX] Initialized MultithreadedTaskDispatcher with 16 workers.
 -> (artifact id: '9b35db0a52483aaabdd724e83786d95f') in 0.016046 seconds
Number of updated asset objects reloaded before import = 0
Number of asset objects unloaded after import = 1
========================================================================
Received Import Request.
  Time since last request: 0.000017 seconds.
  path: Assets/Sprites/Pixel Adventure 1/Menu/Levels/34.png
  artifactKey: Guid(eb4e7cc0c9fa54e458c85e9f761bad18) Importer(2089858483,0ecaa5967403d082aa24f35e1b516d23)
Start importing Assets/Sprites/Pixel Adventure 1/Menu/Levels/34.png using Guid(eb4e7cc0c9fa54e458c85e9f761bad18) Importer(2089858483,0ecaa5967403d082aa24f35e1b516d23) [PhysX] Initialized MultithreadedTaskDispatcher with 16 workers.
 -> (artifact id: '2e6f13d420ca4dd0bedea1d6aa914006') in 0.016824 seconds
Number of updated asset objects reloaded before import = 0
Number of asset objects unloaded after import = 1
========================================================================
Received Import Request.
  Time since last request: 0.000016 seconds.
  path: Assets/Sprites/Pixel Adventure 1/Menu/Levels/20.png
  artifactKey: Guid(7cbd8096de71821408e87027ebff53fb) Importer(2089858483,0ecaa5967403d082aa24f35e1b516d23)
Start importing Assets/Sprites/Pixel Adventure 1/Menu/Levels/20.png using Guid(7cbd8096de71821408e87027ebff53fb) Importer(2089858483,0ecaa5967403d082aa24f35e1b516d23) [PhysX] Initialized MultithreadedTaskDispatcher with 16 workers.
 -> (artifact id: 'ffb76190a4200f7c7b3b402a6926f18e') in 0.014543 seconds
Number of updated asset objects reloaded before import = 0
Number of asset objects unloaded after import = 1
========================================================================
Received Import Request.
  Time since last request: 0.000066 seconds.
  path: Assets/Sprites/Pixel Adventure 2/Enemies/Bat/Ceiling Out (46x30).png
  artifactKey: Guid(e05d3ed1026620b43946e53aa4c568d3) Importer(2089858483,0ecaa5967403d082aa24f35e1b516d23)
Start importing Assets/Sprites/Pixel Adventure 2/Enemies/Bat/Ceiling Out (46x30).png using Guid(e05d3ed1026620b43946e53aa4c568d3) Importer(2089858483,0ecaa5967403d082aa24f35e1b516d23) [PhysX] Initialized MultithreadedTaskDispatcher with 16 workers.
 -> (artifact id: 'ae6714beb939a93ca99f77aad2b306ed') in 0.016933 seconds
Number of updated asset objects reloaded before import = 0
Number of asset objects unloaded after import = 1
========================================================================
Received Import Request.
  Time since last request: 0.000015 seconds.
  path: Assets/Sprites/Pixel Adventure 1/Menu/Levels/46.png
  artifactKey: Guid(b32edab2b8b06444d962d467bd688fd3) Importer(2089858483,0ecaa5967403d082aa24f35e1b516d23)
Start importing Assets/Sprites/Pixel Adventure 1/Menu/Levels/46.png using Guid(b32edab2b8b06444d962d467bd688fd3) Importer(2089858483,0ecaa5967403d082aa24f35e1b516d23) [PhysX] Initialized MultithreadedTaskDispatcher with 16 workers.
 -> (artifact id: 'ef1c7cd464ffa08ab07a77cc8462c322') in 0.016154 seconds
Number of updated asset objects reloaded before import = 0
Number of asset objects unloaded after import = 1
========================================================================
Received Import Request.
  Time since last request: 0.000015 seconds.
  path: Assets/Sprites/Pixel Adventure 1/Traps/Spike Head/Top Hit (54x52).png
  artifactKey: Guid(e73cde7992ea91f4b9262d1fee4334a8) Importer(2089858483,0ecaa5967403d082aa24f35e1b516d23)
Start importing Assets/Sprites/Pixel Adventure 1/Traps/Spike Head/Top Hit (54x52).png using Guid(e73cde7992ea91f4b9262d1fee4334a8) Importer(2089858483,0ecaa5967403d082aa24f35e1b516d23) [PhysX] Initialized MultithreadedTaskDispatcher with 16 workers.
 -> (artifact id: '6d78fd15881bc72913b866bb381889ab') in 0.017322 seconds
Number of updated asset objects reloaded before import = 0
Number of asset objects unloaded after import = 1
========================================================================
Received Import Request.
  Time since last request: 0.000017 seconds.
  path: Assets/Sprites/Pixel Adventure 1/Traps/Rock Head/Idle.png
  artifactKey: Guid(7076cf20df69b6141b2a2abd90dc48d4) Importer(2089858483,0ecaa5967403d082aa24f35e1b516d23)
Start importing Assets/Sprites/Pixel Adventure 1/Traps/Rock Head/Idle.png using Guid(7076cf20df69b6141b2a2abd90dc48d4) Importer(2089858483,0ecaa5967403d082aa24f35e1b516d23) [PhysX] Initialized MultithreadedTaskDispatcher with 16 workers.
 -> (artifact id: 'da8d74c398f8a47fe2f844d7d8f7df9f') in 0.017315 seconds
Number of updated asset objects reloaded before import = 0
Number of asset objects unloaded after import = 1
========================================================================
Received Import Request.
  Time since last request: 0.000024 seconds.
  path: Assets/Sprites/Pixel Adventure 2/Enemies/AngryPig/Hit 1 (36x30).png
  artifactKey: Guid(1b3966f53e627b644a61333405bde128) Importer(2089858483,0ecaa5967403d082aa24f35e1b516d23)
Start importing Assets/Sprites/Pixel Adventure 2/Enemies/AngryPig/Hit 1 (36x30).png using Guid(1b3966f53e627b644a61333405bde128) Importer(2089858483,0ecaa5967403d082aa24f35e1b516d23) [PhysX] Initialized MultithreadedTaskDispatcher with 16 workers.
 -> (artifact id: 'ee726f6178aebdec670c4137d451ea87') in 0.214408 seconds
Number of updated asset objects reloaded before import = 0
Number of asset objects unloaded after import = 1
========================================================================
Received Import Request.
  Time since last request: 0.000020 seconds.
  path: Assets/Sprites/Pixel Adventure 2/Enemies/Rocks/Rock1_Idle (38x34).png
  artifactKey: Guid(c71e0fbbb50a71146b0ac0461e9d5534) Importer(2089858483,0ecaa5967403d082aa24f35e1b516d23)
Start importing Assets/Sprites/Pixel Adventure 2/Enemies/Rocks/Rock1_Idle (38x34).png using Guid(c71e0fbbb50a71146b0ac0461e9d5534) Importer(2089858483,0ecaa5967403d082aa24f35e1b516d23) [PhysX] Initialized MultithreadedTaskDispatcher with 16 workers.
 -> (artifact id: 'b30f84382dddf86e8502b0f20e6f2b58') in 0.016289 seconds
Number of updated asset objects reloaded before import = 0
Number of asset objects unloaded after import = 1
========================================================================
Received Import Request.
  Time since last request: 0.000021 seconds.
  path: Assets/Sprites/Pixel Adventure 2/Enemies/Rino/Idle (52x34).png
  artifactKey: Guid(5c675d9ede5e5a34296a43c70e6825e7) Importer(2089858483,0ecaa5967403d082aa24f35e1b516d23)
Start importing Assets/Sprites/Pixel Adventure 2/Enemies/Rino/Idle (52x34).png using Guid(5c675d9ede5e5a34296a43c70e6825e7) Importer(2089858483,0ecaa5967403d082aa24f35e1b516d23) [PhysX] Initialized MultithreadedTaskDispatcher with 16 workers.
 -> (artifact id: '3df698f2840f1da1858e248ff6af4153') in 0.017230 seconds
Number of updated asset objects reloaded before import = 0
Number of asset objects unloaded after import = 1
========================================================================
Received Import Request.
  Time since last request: 0.000019 seconds.
  path: Assets/Sprites/Pixel Adventure 2/Enemies/Chameleon/Attack (84x38).png
  artifactKey: Guid(940788a668d33e442b8ca609e93334ef) Importer(2089858483,0ecaa5967403d082aa24f35e1b516d23)
Start importing Assets/Sprites/Pixel Adventure 2/Enemies/Chameleon/Attack (84x38).png using Guid(940788a668d33e442b8ca609e93334ef) Importer(2089858483,0ecaa5967403d082aa24f35e1b516d23) [PhysX] Initialized MultithreadedTaskDispatcher with 16 workers.
 -> (artifact id: 'a7dd3de0c049e2d3b7cc88216d949437') in 0.017594 seconds
Number of updated asset objects reloaded before import = 0
Number of asset objects unloaded after import = 1
========================================================================
Received Import Request.
  Time since last request: 0.000015 seconds.
  path: Assets/Sprites/Pixel Adventure 2/Enemies/Plant/Hit (44x42).png
  artifactKey: Guid(342094f528790bf4cbfc57a65436ff2a) Importer(2089858483,0ecaa5967403d082aa24f35e1b516d23)
Start importing Assets/Sprites/Pixel Adventure 2/Enemies/Plant/Hit (44x42).png using Guid(342094f528790bf4cbfc57a65436ff2a) Importer(2089858483,0ecaa5967403d082aa24f35e1b516d23) [PhysX] Initialized MultithreadedTaskDispatcher with 16 workers.
 -> (artifact id: '39ad38ba71072ad911d3f32ec675f1e1') in 0.020671 seconds
Number of updated asset objects reloaded before import = 0
Number of asset objects unloaded after import = 1
========================================================================
Received Import Request.
  Time since last request: 0.000019 seconds.
  path: Assets/Sprites/Pixel Adventure 2/Enemies/Snail/Hit (38x24).png
  artifactKey: Guid(8bd4d3ce415fd6e4688579cf4412043c) Importer(2089858483,0ecaa5967403d082aa24f35e1b516d23)
Start importing Assets/Sprites/Pixel Adventure 2/Enemies/Snail/Hit (38x24).png using Guid(8bd4d3ce415fd6e4688579cf4412043c) Importer(2089858483,0ecaa5967403d082aa24f35e1b516d23) [PhysX] Initialized MultithreadedTaskDispatcher with 16 workers.
 -> (artifact id: 'fc6a0c7220b9e0543b99ad76d8df9fee') in 0.017465 seconds
Number of updated asset objects reloaded before import = 0
Number of asset objects unloaded after import = 1
========================================================================
Received Import Request.
  Time since last request: 0.000021 seconds.
  path: Assets/Sprites/Pixel Adventure 2/Enemies/Bee/Idle (36x34).png
  artifactKey: Guid(4124dd12e07d97848a4765c2c3d882cb) Importer(2089858483,0ecaa5967403d082aa24f35e1b516d23)
Start importing Assets/Sprites/Pixel Adventure 2/Enemies/Bee/Idle (36x34).png using Guid(4124dd12e07d97848a4765c2c3d882cb) Importer(2089858483,0ecaa5967403d082aa24f35e1b516d23) [PhysX] Initialized MultithreadedTaskDispatcher with 16 workers.
 -> (artifact id: '974d9cb7381757183edd72193f729479') in 0.017950 seconds
Number of updated asset objects reloaded before import = 0
Number of asset objects unloaded after import = 1
========================================================================
Received Import Request.
  Time since last request: 0.000021 seconds.
  path: Assets/Sprites/Pixel Adventure 2/Enemies/Turtle/Spikes out (44x26).png
  artifactKey: Guid(b1f3d1845e1f4384e99be78b85b0a900) Importer(2089858483,0ecaa5967403d082aa24f35e1b516d23)
Start importing Assets/Sprites/Pixel Adventure 2/Enemies/Turtle/Spikes out (44x26).png using Guid(b1f3d1845e1f4384e99be78b85b0a900) Importer(2089858483,0ecaa5967403d082aa24f35e1b516d23) [PhysX] Initialized MultithreadedTaskDispatcher with 16 workers.
 -> (artifact id: '9b96feea2f047b77730c8cb17f8d81f6') in 0.018049 seconds
Number of updated asset objects reloaded before import = 0
Number of asset objects unloaded after import = 1
========================================================================
Received Import Request.
  Time since last request: 0.000016 seconds.
  path: Assets/Sprites/Pixel Adventure 2/Enemies/Plant/Attack (44x42).png
  artifactKey: Guid(5eb354b4be6c4714dbcae093c863353c) Importer(2089858483,0ecaa5967403d082aa24f35e1b516d23)
Start importing Assets/Sprites/Pixel Adventure 2/Enemies/Plant/Attack (44x42).png using Guid(5eb354b4be6c4714dbcae093c863353c) Importer(2089858483,0ecaa5967403d082aa24f35e1b516d23) [PhysX] Initialized MultithreadedTaskDispatcher with 16 workers.
 -> (artifact id: 'eb7904034cf20d7be97bb7266e21a6ea') in 0.016667 seconds
Number of updated asset objects reloaded before import = 0
Number of asset objects unloaded after import = 1
========================================================================
Received Import Request.
  Time since last request: 0.000019 seconds.
  path: Assets/Sprites/Pixel Adventure 2/Enemies/Rino/Hit (52x34).png
  artifactKey: Guid(7e4281f1d2c21b44b851d72b2488c580) Importer(2089858483,0ecaa5967403d082aa24f35e1b516d23)
Start importing Assets/Sprites/Pixel Adventure 2/Enemies/Rino/Hit (52x34).png using Guid(7e4281f1d2c21b44b851d72b2488c580) Importer(2089858483,0ecaa5967403d082aa24f35e1b516d23) [PhysX] Initialized MultithreadedTaskDispatcher with 16 workers.
 -> (artifact id: '9fbedac354ee987dd9fa244326a25048') in 0.017809 seconds
Number of updated asset objects reloaded before import = 0
Number of asset objects unloaded after import = 1
========================================================================
Received Import Request.
  Time since last request: 0.000020 seconds.
  path: Assets/Sprites/Pixel Adventure 2/Enemies/FatBird/Idle (40x48).png
  artifactKey: Guid(67d0ed90c4dc5764b9d3bd27a828c4ba) Importer(2089858483,0ecaa5967403d082aa24f35e1b516d23)
Start importing Assets/Sprites/Pixel Adventure 2/Enemies/FatBird/Idle (40x48).png using Guid(67d0ed90c4dc5764b9d3bd27a828c4ba) Importer(2089858483,0ecaa5967403d082aa24f35e1b516d23) [PhysX] Initialized MultithreadedTaskDispatcher with 16 workers.
 -> (artifact id: '9846152b3d90d7dc804f62233f44aba3') in 0.019020 seconds
Number of updated asset objects reloaded before import = 0
Number of asset objects unloaded after import = 1
========================================================================
Received Import Request.
  Time since last request: 0.000020 seconds.
  path: Assets/Sprites/Pixel Adventure 2/Enemies/Ghost/Hit (44x30).png
  artifactKey: Guid(c9f3b7507a2bcc44780267fa27f26e4d) Importer(2089858483,0ecaa5967403d082aa24f35e1b516d23)
Start importing Assets/Sprites/Pixel Adventure 2/Enemies/Ghost/Hit (44x30).png using Guid(c9f3b7507a2bcc44780267fa27f26e4d) Importer(2089858483,0ecaa5967403d082aa24f35e1b516d23) [PhysX] Initialized MultithreadedTaskDispatcher with 16 workers.
 -> (artifact id: '19670e8d401bad8e9b77d1aa22c3a0af') in 0.016933 seconds
Number of updated asset objects reloaded before import = 0
Number of asset objects unloaded after import = 1
========================================================================
Received Import Request.
  Time since last request: 0.000020 seconds.
  path: Assets/Sprites/Pixel Adventure 2/Enemies/Bee/Bullet.png
  artifactKey: Guid(d21af7fac29db4a458b504ac2deee944) Importer(2089858483,0ecaa5967403d082aa24f35e1b516d23)
Start importing Assets/Sprites/Pixel Adventure 2/Enemies/Bee/Bullet.png using Guid(d21af7fac29db4a458b504ac2deee944) Importer(2089858483,0ecaa5967403d082aa24f35e1b516d23) [PhysX] Initialized MultithreadedTaskDispatcher with 16 workers.
 -> (artifact id: 'f6e3d016b584ea4e927dd8adb6a7df8c') in 0.018908 seconds
Number of updated asset objects reloaded before import = 0
Number of asset objects unloaded after import = 1
========================================================================
Received Import Request.
  Time since last request: 0.000019 seconds.
  path: Assets/Sprites/Pixel Adventure 2/Enemies/Duck/Jump Anticipation (36x36).png
  artifactKey: Guid(a0bbe40487e9ed6498624067fe228748) Importer(2089858483,0ecaa5967403d082aa24f35e1b516d23)
Start importing Assets/Sprites/Pixel Adventure 2/Enemies/Duck/Jump Anticipation (36x36).png using Guid(a0bbe40487e9ed6498624067fe228748) Importer(2089858483,0ecaa5967403d082aa24f35e1b516d23) [PhysX] Initialized MultithreadedTaskDispatcher with 16 workers.
 -> (artifact id: 'a1e74710ed86d17c47eb7a83dfc1d7c6') in 0.017403 seconds
Number of updated asset objects reloaded before import = 0
Number of asset objects unloaded after import = 1
========================================================================
Received Import Request.
  Time since last request: 0.000023 seconds.
  path: Assets/Sprites/Pixel Adventure 2/Enemies/Duck/Hit (36x36).png
  artifactKey: Guid(dd452bdbd70275f47a0cf02a18c4a402) Importer(2089858483,0ecaa5967403d082aa24f35e1b516d23)
Start importing Assets/Sprites/Pixel Adventure 2/Enemies/Duck/Hit (36x36).png using Guid(dd452bdbd70275f47a0cf02a18c4a402) Importer(2089858483,0ecaa5967403d082aa24f35e1b516d23) [PhysX] Initialized MultithreadedTaskDispatcher with 16 workers.
 -> (artifact id: '22ca4a253bb177d763a161cb73a5d04c') in 0.019147 seconds
Number of updated asset objects reloaded before import = 0
Number of asset objects unloaded after import = 1
========================================================================
Received Import Request.
  Time since last request: 0.000022 seconds.
  path: Assets/Sprites/Pixel Adventure 2/Enemies/Bunny/Hit (34x44).png
  artifactKey: Guid(ccc5c2c5f97d38f4c88043aa0869f432) Importer(2089858483,0ecaa5967403d082aa24f35e1b516d23)
Start importing Assets/Sprites/Pixel Adventure 2/Enemies/Bunny/Hit (34x44).png using Guid(ccc5c2c5f97d38f4c88043aa0869f432) Importer(2089858483,0ecaa5967403d082aa24f35e1b516d23) [PhysX] Initialized MultithreadedTaskDispatcher with 16 workers.
 -> (artifact id: '6332e14e787c4189140231045b966bfe') in 0.018538 seconds
Number of updated asset objects reloaded before import = 0
Number of asset objects unloaded after import = 1
========================================================================
Received Import Request.
  Time since last request: 0.000019 seconds.
  path: Assets/Sprites/Pixel Adventure 1/Menu/Levels/16.png
  artifactKey: Guid(9af45e34d3756ee419710ad2b0fa99f2) Importer(2089858483,0ecaa5967403d082aa24f35e1b516d23)
Start importing Assets/Sprites/Pixel Adventure 1/Menu/Levels/16.png using Guid(9af45e34d3756ee419710ad2b0fa99f2) Importer(2089858483,0ecaa5967403d082aa24f35e1b516d23) [PhysX] Initialized MultithreadedTaskDispatcher with 16 workers.
 -> (artifact id: '0f429607f801b87edbe04f21fe5c65fa') in 0.017148 seconds
Number of updated asset objects reloaded before import = 0
Number of asset objects unloaded after import = 1
========================================================================
Received Import Request.
  Time since last request: 0.000017 seconds.
  path: Assets/Sprites/Pixel Adventure 1/Items/Checkpoints/End/End (Pressed) (64x64).png
  artifactKey: Guid(c69eb0a1b70b0c248b9d954992570a88) Importer(2089858483,0ecaa5967403d082aa24f35e1b516d23)
Start importing Assets/Sprites/Pixel Adventure 1/Items/Checkpoints/End/End (Pressed) (64x64).png using Guid(c69eb0a1b70b0c248b9d954992570a88) Importer(2089858483,0ecaa5967403d082aa24f35e1b516d23) [PhysX] Initialized MultithreadedTaskDispatcher with 16 workers.
 -> (artifact id: '30dedc0e23bad8d0c69242e6bcde4f60') in 0.016736 seconds
Number of updated asset objects reloaded before import = 0
Number of asset objects unloaded after import = 1
========================================================================
Received Import Request.
  Time since last request: 0.000021 seconds.
  path: Assets/Sprites/Pixel Adventure 1/Traps/Sand Mud Ice/Mud Particle.png
  artifactKey: Guid(c9a80883902b1f84db7134c20ff455ac) Importer(2089858483,0ecaa5967403d082aa24f35e1b516d23)
Start importing Assets/Sprites/Pixel Adventure 1/Traps/Sand Mud Ice/Mud Particle.png using Guid(c9a80883902b1f84db7134c20ff455ac) Importer(2089858483,0ecaa5967403d082aa24f35e1b516d23) [PhysX] Initialized MultithreadedTaskDispatcher with 16 workers.
 -> (artifact id: 'c71f786bea818a47d0808b3da31a6637') in 0.017482 seconds
Number of updated asset objects reloaded before import = 0
Number of asset objects unloaded after import = 1
========================================================================
Received Import Request.
  Time since last request: 0.000024 seconds.
  path: Assets/Sprites/Pixel Adventure 1/Menu/Levels/26.png
  artifactKey: Guid(9f269dfab3e29b849a50641fa9ab8137) Importer(2089858483,0ecaa5967403d082aa24f35e1b516d23)
Start importing Assets/Sprites/Pixel Adventure 1/Menu/Levels/26.png using Guid(9f269dfab3e29b849a50641fa9ab8137) Importer(2089858483,0ecaa5967403d082aa24f35e1b516d23) [PhysX] Initialized MultithreadedTaskDispatcher with 16 workers.
 -> (artifact id: 'ceb102391528bdb3288a1d9186a97088') in 0.016254 seconds
Number of updated asset objects reloaded before import = 0
Number of asset objects unloaded after import = 1
========================================================================
Received Import Request.
  Time since last request: 0.000020 seconds.
  path: Assets/Sprites/Pixel Adventure 1/Traps/Fire/On (16x32).png
  artifactKey: Guid(dd288d111bcde65458c2e528da2d70c7) Importer(2089858483,0ecaa5967403d082aa24f35e1b516d23)
Start importing Assets/Sprites/Pixel Adventure 1/Traps/Fire/On (16x32).png using Guid(dd288d111bcde65458c2e528da2d70c7) Importer(2089858483,0ecaa5967403d082aa24f35e1b516d23) [PhysX] Initialized MultithreadedTaskDispatcher with 16 workers.
 -> (artifact id: '8ca73ddb508f62ad77c6732f190369b1') in 0.016355 seconds
Number of updated asset objects reloaded before import = 0
Number of asset objects unloaded after import = 1
========================================================================
Received Import Request.
  Time since last request: 0.000017 seconds.
  path: Assets/Sprites/Pixel Adventure 1/Menu/Levels/48.png
  artifactKey: Guid(324d252b7e82fd542adab9cdcd6040df) Importer(2089858483,0ecaa5967403d082aa24f35e1b516d23)
Start importing Assets/Sprites/Pixel Adventure 1/Menu/Levels/48.png using Guid(324d252b7e82fd542adab9cdcd6040df) Importer(2089858483,0ecaa5967403d082aa24f35e1b516d23) [PhysX] Initialized MultithreadedTaskDispatcher with 16 workers.
 -> (artifact id: '7b6aa5beb5a245155a1b91f57da659a7') in 0.017877 seconds
Number of updated asset objects reloaded before import = 0
Number of asset objects unloaded after import = 1
========================================================================
Received Import Request.
  Time since last request: 0.000023 seconds.
  path: Assets/Sprites/Pixel Adventure 2/Enemies/Duck/Idle (36x36).png
  artifactKey: Guid(bd3f611500067fe4d875aae1aaef44b2) Importer(2089858483,0ecaa5967403d082aa24f35e1b516d23)
Start importing Assets/Sprites/Pixel Adventure 2/Enemies/Duck/Idle (36x36).png using Guid(bd3f611500067fe4d875aae1aaef44b2) Importer(2089858483,0ecaa5967403d082aa24f35e1b516d23) [PhysX] Initialized MultithreadedTaskDispatcher with 16 workers.
 -> (artifact id: 'cfa022c8ad537fdb57ad7520e30e6fa9') in 0.016832 seconds
Number of updated asset objects reloaded before import = 0
Number of asset objects unloaded after import = 1
========================================================================
Received Import Request.
  Time since last request: 0.000016 seconds.
  path: Assets/Sprites/Pixel Adventure 1/Items/Checkpoints/Checkpoint/Checkpoint (Flag Idle)(64x64).png
  artifactKey: Guid(1c571f91e29c7d34d80dc3bd85065930) Importer(2089858483,0ecaa5967403d082aa24f35e1b516d23)
Start importing Assets/Sprites/Pixel Adventure 1/Items/Checkpoints/Checkpoint/Checkpoint (Flag Idle)(64x64).png using Guid(1c571f91e29c7d34d80dc3bd85065930) Importer(2089858483,0ecaa5967403d082aa24f35e1b516d23) [PhysX] Initialized MultithreadedTaskDispatcher with 16 workers.
 -> (artifact id: '3b8e7b869f95059295ac5d4da47ab396') in 0.018295 seconds
Number of updated asset objects reloaded before import = 0
Number of asset objects unloaded after import = 1
========================================================================
Received Import Request.
  Time since last request: 0.000019 seconds.
  path: Assets/Sprites/Pixel Adventure 2/Enemies/Skull/Hit (52x54).png
  artifactKey: Guid(0539dca39e958a9499d0e3fe293bb0f9) Importer(2089858483,0ecaa5967403d082aa24f35e1b516d23)
Start importing Assets/Sprites/Pixel Adventure 2/Enemies/Skull/Hit (52x54).png using Guid(0539dca39e958a9499d0e3fe293bb0f9) Importer(2089858483,0ecaa5967403d082aa24f35e1b516d23) [PhysX] Initialized MultithreadedTaskDispatcher with 16 workers.
 -> (artifact id: 'd361485b7bdf8ee1c60beb8eb2ee2a9e') in 0.017135 seconds
Number of updated asset objects reloaded before import = 0
Number of asset objects unloaded after import = 1
========================================================================
Received Import Request.
  Time since last request: 0.000016 seconds.
  path: Assets/Sprites/Pixel Adventure 2/Enemies/Snail/Walk (38x24).png
  artifactKey: Guid(da29e04361a1502498ebad451e75e2f3) Importer(2089858483,0ecaa5967403d082aa24f35e1b516d23)
Start importing Assets/Sprites/Pixel Adventure 2/Enemies/Snail/Walk (38x24).png using Guid(da29e04361a1502498ebad451e75e2f3) Importer(2089858483,0ecaa5967403d082aa24f35e1b516d23) [PhysX] Initialized MultithreadedTaskDispatcher with 16 workers.
 -> (artifact id: 'bb39d84ca4edf58ca78dfae1353624ba') in 0.015766 seconds
Number of updated asset objects reloaded before import = 0
Number of asset objects unloaded after import = 1
========================================================================
Received Import Request.
  Time since last request: 0.000016 seconds.
  path: Assets/Sprites/Pixel Adventure 1/Items/Boxes/Box3/Break.png
  artifactKey: Guid(13d168986f4e49c4e983141dd195b47f) Importer(2089858483,0ecaa5967403d082aa24f35e1b516d23)
Start importing Assets/Sprites/Pixel Adventure 1/Items/Boxes/Box3/Break.png using Guid(13d168986f4e49c4e983141dd195b47f) Importer(2089858483,0ecaa5967403d082aa24f35e1b516d23) [PhysX] Initialized MultithreadedTaskDispatcher with 16 workers.
 -> (artifact id: '3f76a32ca264d4037f6c96ab146052d5') in 0.016840 seconds
Number of updated asset objects reloaded before import = 0
Number of asset objects unloaded after import = 1
========================================================================
Received Import Request.
  Time since last request: 0.000016 seconds.
  path: Assets/Sprites/Pixel Adventure 1/Menu/Levels/12.png
  artifactKey: Guid(b854523dce4da1c49ad10f2f07253c36) Importer(2089858483,0ecaa5967403d082aa24f35e1b516d23)
Start importing Assets/Sprites/Pixel Adventure 1/Menu/Levels/12.png using Guid(b854523dce4da1c49ad10f2f07253c36) Importer(2089858483,0ecaa5967403d082aa24f35e1b516d23) [PhysX] Initialized MultithreadedTaskDispatcher with 16 workers.
 -> (artifact id: '22ffeeb58806d02c6af0cc35cc38a0a6') in 0.019531 seconds
Number of updated asset objects reloaded before import = 0
Number of asset objects unloaded after import = 1
========================================================================
Received Import Request.
  Time since last request: 0.000028 seconds.
  path: Assets/Sprites/Pixel Adventure 2/Enemies/Ghost/Idle (44x30).png
  artifactKey: Guid(4474a59e980b5674281a0a574e533e24) Importer(2089858483,0ecaa5967403d082aa24f35e1b516d23)
Start importing Assets/Sprites/Pixel Adventure 2/Enemies/Ghost/Idle (44x30).png using Guid(4474a59e980b5674281a0a574e533e24) Importer(2089858483,0ecaa5967403d082aa24f35e1b516d23) [PhysX] Initialized MultithreadedTaskDispatcher with 16 workers.
 -> (artifact id: '47b5a2e98b92fac0194dcd6fd3a035a4') in 0.017547 seconds
Number of updated asset objects reloaded before import = 0
Number of asset objects unloaded after import = 1
========================================================================
Received Import Request.
  Time since last request: 0.000016 seconds.
  path: Assets/Sprites/Pixel Adventure 2/Enemies/Plant/Idle (44x42).png
  artifactKey: Guid(100d359cdb771ec49b4a23a3d3c33d6b) Importer(2089858483,0ecaa5967403d082aa24f35e1b516d23)
Start importing Assets/Sprites/Pixel Adventure 2/Enemies/Plant/Idle (44x42).png using Guid(100d359cdb771ec49b4a23a3d3c33d6b) Importer(2089858483,0ecaa5967403d082aa24f35e1b516d23) [PhysX] Initialized MultithreadedTaskDispatcher with 16 workers.
 -> (artifact id: '5462beda15ee36d63062dfdd59c3bde5') in 0.016560 seconds
Number of updated asset objects reloaded before import = 0
Number of asset objects unloaded after import = 1
========================================================================
Received Import Request.
  Time since last request: 0.000017 seconds.
  path: Assets/Sprites/Pixel Adventure 2/Enemies/Slime/Hit (44x30).png
  artifactKey: Guid(39800894352f1ae4582d1c1e33cf6bea) Importer(2089858483,0ecaa5967403d082aa24f35e1b516d23)
Start importing Assets/Sprites/Pixel Adventure 2/Enemies/Slime/Hit (44x30).png using Guid(39800894352f1ae4582d1c1e33cf6bea) Importer(2089858483,0ecaa5967403d082aa24f35e1b516d23) [PhysX] Initialized MultithreadedTaskDispatcher with 16 workers.
 -> (artifact id: 'b8402addb0c0b57aec11a2832be08596') in 0.016072 seconds
Number of updated asset objects reloaded before import = 0
Number of asset objects unloaded after import = 1
========================================================================
Received Import Request.
  Time since last request: 0.000018 seconds.
  path: Assets/Sprites/Pixel Adventure 2/Enemies/Rino/Hit Wall (52x34).png
  artifactKey: Guid(febe04e8851b5b946ac97238c4a7574a) Importer(2089858483,0ecaa5967403d082aa24f35e1b516d23)
Start importing Assets/Sprites/Pixel Adventure 2/Enemies/Rino/Hit Wall (52x34).png using Guid(febe04e8851b5b946ac97238c4a7574a) Importer(2089858483,0ecaa5967403d082aa24f35e1b516d23) [PhysX] Initialized MultithreadedTaskDispatcher with 16 workers.
 -> (artifact id: '2123a5a3e4785daeab7c7e1a9bfec65d') in 0.016105 seconds
Number of updated asset objects reloaded before import = 0
Number of asset objects unloaded after import = 1
========================================================================
Received Import Request.
  Time since last request: 0.000019 seconds.
  path: Assets/Sprites/Pixel Adventure 2/Enemies/Rocks/Rock2_Run (32x28).png
  artifactKey: Guid(09b583cf7a38f20479b25c17461bded8) Importer(2089858483,0ecaa5967403d082aa24f35e1b516d23)
Start importing Assets/Sprites/Pixel Adventure 2/Enemies/Rocks/Rock2_Run (32x28).png using Guid(09b583cf7a38f20479b25c17461bded8) Importer(2089858483,0ecaa5967403d082aa24f35e1b516d23) [PhysX] Initialized MultithreadedTaskDispatcher with 16 workers.
 -> (artifact id: '983c51ed8af3100f2dfb20f7b4ab11d0') in 0.015853 seconds
Number of updated asset objects reloaded before import = 0
Number of asset objects unloaded after import = 1
========================================================================
Received Import Request.
  Time since last request: 0.000017 seconds.
  path: Assets/Sprites/Pixel Adventure 2/Enemies/Slime/Idle-Run (44x30).png
  artifactKey: Guid(44ebda834953663439628af7f3016de4) Importer(2089858483,0ecaa5967403d082aa24f35e1b516d23)
Start importing Assets/Sprites/Pixel Adventure 2/Enemies/Slime/Idle-Run (44x30).png using Guid(44ebda834953663439628af7f3016de4) Importer(2089858483,0ecaa5967403d082aa24f35e1b516d23) [PhysX] Initialized MultithreadedTaskDispatcher with 16 workers.
 -> (artifact id: '6a2c5aa416cb3a412630fda4cf2bae91') in 0.017974 seconds
Number of updated asset objects reloaded before import = 0
Number of asset objects unloaded after import = 1
========================================================================
Received Import Request.
  Time since last request: 0.000018 seconds.
  path: Assets/Sprites/Pixel Adventure 2/Enemies/BlueBird/Hit (32x32).png
  artifactKey: Guid(b8d4c0c9c8aa7d74e9c125cb116cd460) Importer(2089858483,0ecaa5967403d082aa24f35e1b516d23)
Start importing Assets/Sprites/Pixel Adventure 2/Enemies/BlueBird/Hit (32x32).png using Guid(b8d4c0c9c8aa7d74e9c125cb116cd460) Importer(2089858483,0ecaa5967403d082aa24f35e1b516d23) [PhysX] Initialized MultithreadedTaskDispatcher with 16 workers.
 -> (artifact id: '6c70e85a0149fdbe3c857c5be52f9bb3') in 0.017218 seconds
Number of updated asset objects reloaded before import = 0
Number of asset objects unloaded after import = 1
Editor requested this worker to shutdown with reason: Scaling down because of idle timeout
TcpMessagingSession - receive error: operation aborted. errorcode: 995, details: The I/O operation has been aborted because of either a thread exit or an application request.
AssetImportWorker is now disconnected from the server
Process exiting
Exiting without the bug reporter. Application will terminate with return code 0